work/android-youtube-player/build/outputs/logs/manifest-merger-debug-report.txt
-- Merging decision tree log ---
manifest
ADDED from github/android-youtube-player/AndroidManifest.xml:2:1-41:12
	package
		ADDED from github/android-youtube-player/AndroidManifest.xml:3:7-34
	android:versionName
		ADDED from github/android-youtube-player/AndroidManifest.xml:5:7-32
		INJECTED from github/android-youtube-player/AndroidManifest.xml
		INJECTED from github/android-youtube-player/AndroidManifest.xml
	android:versionCode
		ADDED from github/android-youtube-player/AndroidManifest.xml:4:7-30
		INJECTED from github/android-youtube-player/AndroidManifest.xml
		INJECTED from github/android-youtube-player/AndroidManifest.xml
	xmlns:android
		ADDED from github/android-youtube-player/AndroidManifest.xml:2:11-69
uses-permission#android.permission.INTERNET
ADDED from github/android-youtube-player/AndroidManifest.xml:10:5-67
	android:name
		ADDED from github/android-youtube-player/AndroidManifest.xml:10:22-64
uses-permission#android.permission.ACCESS_WIFI_STATE
ADDED from github/android-youtube-player/AndroidManifest.xml:11:2-73
	android:name
		ADDED from github/android-youtube-player/AndroidManifest.xml:11:19-70
uses-sdk
ADDED from github/android-youtube-player/AndroidManifest.xml:14:2-69
	android:targetSdkVersion
		ADDED from github/android-youtube-player/AndroidManifest.xml:14:38-67
		INJECTED from github/android-youtube-player/AndroidManifest.xml
		INJECTED from github/android-youtube-player/AndroidManifest.xml
	android:minSdkVersion
		ADDED from github/android-youtube-player/AndroidManifest.xml:14:12-37
		INJECTED from github/android-youtube-player/AndroidManifest.xml
		INJECTED from github/android-youtube-player/AndroidManifest.xml
application
ADDED from github/android-youtube-player/AndroidManifest.xml:17:5-38:19
	android:label
		ADDED from github/android-youtube-player/AndroidManifest.xml:17:48-80
	android:icon
		ADDED from github/android-youtube-player/AndroidManifest.xml:17:18-47
activity#com.keyes.youtube.Sample
ADDED from github/android-youtube-player/AndroidManifest.xml:18:9-24:20
	android:label
		ADDED from github/android-youtube-player/AndroidManifest.xml:19:19-51
	android:name
		ADDED from github/android-youtube-player/AndroidManifest.xml:18:19-41
intent-filter#android.intent.action.MAIN+android.intent.category.LAUNCHER
ADDED from github/android-youtube-player/AndroidManifest.xml:20:13-23:29
action#android.intent.action.MAIN
ADDED from github/android-youtube-player/AndroidManifest.xml:21:17-69
	android:name
		ADDED from github/android-youtube-player/AndroidManifest.xml:21:25-66
category#android.intent.category.LAUNCHER
ADDED from github/android-youtube-player/AndroidManifest.xml:22:17-77
	android:name
		ADDED from github/android-youtube-player/AndroidManifest.xml:22:27-74
activity#com.keyes.youtube.OpenYouTubePlayerActivity
ADDED from github/android-youtube-player/AndroidManifest.xml:30:9-36:20
	android:screenOrientation
		ADDED from github/android-youtube-player/AndroidManifest.xml:32:17-54
	android:label
		ADDED from github/android-youtube-player/AndroidManifest.xml:35:17-49
	android:configChanges
		ADDED from github/android-youtube-player/AndroidManifest.xml:33:17-52
	android:theme
		ADDED from github/android-youtube-player/AndroidManifest.xml:34:17-59
	android:name
		ADDED from github/android-youtube-player/AndroidManifest.xml:31:17-58